<?xml version="1.0" encoding="UTF-8"?>
<!-- Generated by org.testng.reporters.JUnitXMLReporter -->
<testsuite ignored="0" hostname="Himanshu" failures="0" tests="4" name="Surefire test" time="2.936" errors="0" timestamp="2026-05-30T11:04:11 IST">
  <testcase classname="tests.DemoModeTest" name="demonstrateLoginButtonHealing" time="0.032"/>
  <testcase classname="tests.DemoModeTest" name="demonstrateSubmitButtonHealing" time="0.009"/>
  <testcase classname="tests.DemoModeTest" name="demonstrateUsernameFieldHealing" time="0.01"/>
  <testcase classname="tests.DemoModeTest" name="demonstrateFrameworkStatistics" time="0.005"/>
</testsuite> <!-- Surefire test -->
