<?xml version="1.0" encoding="UTF-8"?>
<testsuite xmlns:xsi="http://www.w3.org/2001/XMLSchema-instance" xsi:noNamespaceSchemaLocation="https://maven.apache.org/surefire/maven-surefire-plugin/xsd/surefire-test-report-3.0.xsd" version="3.0" name="TestSuite" time="5.916" tests="5" errors="0" skipped="0" failures="1">
  <properties>
[...]
</properties>
  <testcase name="demonstrateLoginButtonHealing" classname="tests.DemoModeTest" time="0.03">
    <system-out><![CDATA[
╔════════════════════════════════════════════════════════════════╗
║   SELF-HEALING ENTERPRISE DASHBOARD INITIALIZED                 ║
║   Report Location: test-reports/SelfHealing_Dashboard_2026-05-11_15-35-26.html
╚════════════════════════════════════════════════════════════════╝

✓ Test Environment Initialized

──────────────────────────────────────────────────────────────────────
🔍 TEST EXECUTION: TC-001
──────────────────────────────────────────────────────────────────────

ℹ️  [INFO] Test Title: Login Button Healing Protocol
ℹ️  [INFO] Objective: Recover 'Login' button from failed locator using similarity matching

──────────────────────────────────────────────────────────────────────
🔍 REQUEST DETAILS
──────────────────────────────────────────────────────────────────────


──────────────────────────────────────────────────────────────────────
🔍 EXECUTION PHASE
──────────────────────────────────────────────────────────────────────


──────────────────────────────────────────────────────────────────────
🔍 SELF-HEALING PROTOCOL INITIATED
──────────────────────────────────────────────────────────────────────

ℹ️  [INFO] Activating Dynamic Element Recovery System...

──────────────────────────────────────────────────────────────────────
🔍 BACKUP ATTRIBUTE ANALYSIS
──────────────────────────────────────────────────────────────────────

ℹ️  [INFO] Scanning DOM for elements matching backup attributes...
ℹ️  [INFO] Total DOM Elements Scanned: 3

──────────────────────────────────────────────────────────────────────
🔍 SIMILARITY SCORE ANALYSIS
──────────────────────────────────────────────────────────────────────


──────────────────────────────────────────────────────────────────────
🔍 DYNAMIC ELEMENT RECOVERY SUCCESSFUL
──────────────────────────────────────────────────────────────────────

🔧 [HEALED] Element Successfully Recovered Using Similarity Matching
✅ [PASS] Healed Element Ready for Interaction

──────────────────────────────────────────────────────────────────────
🔍 VALIDATION RESULTS
──────────────────────────────────────────────────────────────────────

✅ [PASS] Test Case: TC-001 - PASSED
✅ [PASS] Login button successfully healed and ready for interaction
]]></system-out>
    <system-err><![CDATA[SLF4J: No SLF4J providers were found.
SLF4J: Defaulting to no-operation (NOP) logger implementation
SLF4J: See https://www.slf4j.org/codes.html#noProviders for further details.
❌ [ERROR] Primary Locator Strategy Failed: By.id: login_btn_old_id
]]></system-err>
  </testcase>
  <testcase name="demonstrateSubmitButtonHealing" classname="tests.DemoModeTest" time="0.013">
    <system-out><![CDATA[
──────────────────────────────────────────────────────────────────────
🔍 TEST EXECUTION: TC-002
──────────────────────────────────────────────────────────────────────

ℹ️  [INFO] Test Title: Submit Button Healing Protocol
ℹ️  [INFO] Objective: Recover 'Submit' button from XPath failure via attribute matching

──────────────────────────────────────────────────────────────────────
🔍 REQUEST DETAILS
──────────────────────────────────────────────────────────────────────


──────────────────────────────────────────────────────────────────────
🔍 EXECUTION PHASE
──────────────────────────────────────────────────────────────────────


──────────────────────────────────────────────────────────────────────
🔍 SELF-HEALING PROTOCOL INITIATED
──────────────────────────────────────────────────────────────────────

ℹ️  [INFO] Activating Dynamic Element Recovery System...

──────────────────────────────────────────────────────────────────────
🔍 BACKUP ATTRIBUTE ANALYSIS
──────────────────────────────────────────────────────────────────────

ℹ️  [INFO] Scanning DOM for elements matching backup attributes...
ℹ️  [INFO] Total DOM Elements Scanned: 3

──────────────────────────────────────────────────────────────────────
🔍 SIMILARITY SCORE ANALYSIS
──────────────────────────────────────────────────────────────────────


──────────────────────────────────────────────────────────────────────
🔍 DYNAMIC ELEMENT RECOVERY SUCCESSFUL
──────────────────────────────────────────────────────────────────────

🔧 [HEALED] Element Successfully Recovered Using Similarity Matching
✅ [PASS] Healed Element Ready for Interaction

──────────────────────────────────────────────────────────────────────
🔍 VALIDATION RESULTS
──────────────────────────────────────────────────────────────────────

✅ [PASS] Test Case: TC-002 - PASSED
✅ [PASS] Submit button successfully healed and ready for interaction
]]></system-out>
    <system-err><![CDATA[❌ [ERROR] Primary Locator Strategy Failed: By.xpath: //button[@id='submit_old']
]]></system-err>
  </testcase>
  <testcase name="demonstrateUsernameFieldHealing" classname="tests.DemoModeTest" time="0.01">
    <system-out><![CDATA[
──────────────────────────────────────────────────────────────────────
🔍 TEST EXECUTION: TC-003
──────────────────────────────────────────────────────────────────────

ℹ️  [INFO] Test Title: Username Input Field Healing Protocol
ℹ️  [INFO] Objective: Recover 'Username' input field via placeholder attribute matching

──────────────────────────────────────────────────────────────────────
🔍 REQUEST DETAILS
──────────────────────────────────────────────────────────────────────


──────────────────────────────────────────────────────────────────────
🔍 EXECUTION PHASE
──────────────────────────────────────────────────────────────────────


──────────────────────────────────────────────────────────────────────
🔍 SELF-HEALING PROTOCOL INITIATED
──────────────────────────────────────────────────────────────────────

ℹ️  [INFO] Activating Dynamic Element Recovery System...

──────────────────────────────────────────────────────────────────────
🔍 BACKUP ATTRIBUTE ANALYSIS
──────────────────────────────────────────────────────────────────────

ℹ️  [INFO] Scanning DOM for elements matching backup attributes...
ℹ️  [INFO] Total DOM Elements Scanned: 3

──────────────────────────────────────────────────────────────────────
🔍 SIMILARITY SCORE ANALYSIS
──────────────────────────────────────────────────────────────────────


──────────────────────────────────────────────────────────────────────
🔍 DYNAMIC ELEMENT RECOVERY SUCCESSFUL
──────────────────────────────────────────────────────────────────────

🔧 [HEALED] Element Successfully Recovered Using Similarity Matching
✅ [PASS] Healed Element Ready for Interaction

──────────────────────────────────────────────────────────────────────
🔍 VALIDATION RESULTS
──────────────────────────────────────────────────────────────────────

✅ [PASS] Test Case: TC-003 - PASSED
✅ [PASS] Username field successfully healed and ready for input
]]></system-out>
    <system-err><![CDATA[❌ [ERROR] Primary Locator Strategy Failed: By.id: user_field_v2
]]></system-err>
  </testcase>
  <testcase name="demonstrateFrameworkStatistics" classname="tests.DemoModeTest" time="0.005">
    <system-out><![CDATA[
──────────────────────────────────────────────────────────────────────
🔍 FRAMEWORK PERFORMANCE METRICS
──────────────────────────────────────────────────────────────────────


──────────────────────────────────────────────────────────────────────
🔍 Test Execution Summary
──────────────────────────────────────────────────────────────────────


──────────────────────────────────────────────────────────────────────
🔍 Supported Features & Capabilities
──────────────────────────────────────────────────────────────────────


──────────────────────────────────────────────────────────────────────
🔍 Platform Readiness Assessment
──────────────────────────────────────────────────────────────────────

✅ [PASS] ✅ Framework is PRODUCTION-READY
ℹ️  [INFO] All healing protocols validated and operational
ℹ️  [INFO] Dashboard reports generated successfully
ℹ️  [INFO] Ready for enterprise deployment
]]></system-out>
  </testcase>
  <testcase name="demoModeLoginHealing" classname="tests.SmokeTest" time="2.547">
    <failure message="Could not start a new session. Response code 500. Message: session not created: This version of ChromeDriver only supports Chrome version 114&#10;Current browser version is 147.0.7727.138 with binary path C:\Program Files\Google\Chrome\Application\chrome.exe &#10;Host info: host: &apos;HIMANSHU&apos;, ip: &apos;192.168.1.12&apos;&#10;Build info: version: &apos;4.10.0&apos;, revision: &apos;c14d967899&apos;&#10;System info: os.name: &apos;Windows 11&apos;, os.arch: &apos;amd64&apos;, os.version: &apos;10.0&apos;, java.version: &apos;25.0.3&apos;&#10;Driver info: org.openqa.selenium.chrome.ChromeDriver&#10;Command: [null, newSession {capabilities=[Capabilities {browserName: chrome, goog:chromeOptions: {args: [--remote-allow-origins=*, --ignore-certificate-errors], extensions: []}}]}]" type="org.openqa.selenium.SessionNotCreatedException"><![CDATA[org.openqa.selenium.SessionNotCreatedException: 
Could not start a new session. Response code 500. Message: session not created: This version of ChromeDriver only supports Chrome version 114
Current browser version is 147.0.7727.138 with binary path C:\Program Files\Google\Chrome\Application\chrome.exe 
Host info: host: 'HIMANSHU', ip: '192.168.1.12'
Build info: version: '4.10.0', revision: 'c14d967899'
System info: os.name: 'Windows 11', os.arch: 'amd64', os.version: '10.0', java.version: '25.0.3'
Driver info: org.openqa.selenium.chrome.ChromeDriver
Command: [null, newSession {capabilities=[Capabilities {browserName: chrome, goog:chromeOptions: {args: [--remote-allow-origins=*, --ignore-certificate-errors], extensions: []}}]}]
	at org.openqa.selenium.remote.ProtocolHandshake.createSession(ProtocolHandshake.java:140)
	at org.openqa.selenium.remote.ProtocolHandshake.createSession(ProtocolHandshake.java:96)
	at org.openqa.selenium.remote.ProtocolHandshake.createSession(ProtocolHandshake.java:68)
	at org.openqa.selenium.remote.HttpCommandExecutor.execute(HttpCommandExecutor.java:163)
	at org.openqa.selenium.remote.service.DriverCommandExecutor.invokeExecute(DriverCommandExecutor.java:196)
	at org.openqa.selenium.remote.service.DriverCommandExecutor.execute(DriverCommandExecutor.java:171)
	at org.openqa.selenium.remote.RemoteWebDriver.execute(RemoteWebDriver.java:531)
	at org.openqa.selenium.remote.RemoteWebDriver.startSession(RemoteWebDriver.java:227)
	at org.openqa.selenium.remote.RemoteWebDriver.<init>(RemoteWebDriver.java:154)
	at org.openqa.selenium.chromium.ChromiumDriver.<init>(ChromiumDriver.java:107)
	at org.openqa.selenium.chrome.ChromeDriver.<init>(ChromeDriver.java:87)
	at org.openqa.selenium.chrome.ChromeDriver.<init>(ChromeDriver.java:82)
	at drivers.DriverManager.getDriver(DriverManager.java:39)
	at tests.SmokeTest.demoModeLoginHealing(SmokeTest.java:18)
	at java.base/jdk.internal.reflect.DirectMethodHandleAccessor.invoke(DirectMethodHandleAccessor.java:104)
	at java.base/java.lang.reflect.Method.invoke(Method.java:565)
	at org.testng.internal.invokers.MethodInvocationHelper.invokeMethod(MethodInvocationHelper.java:139)
	at org.testng.internal.invokers.TestInvoker.invokeMethod(TestInvoker.java:677)
	at org.testng.internal.invokers.TestInvoker.invokeTestMethod(TestInvoker.java:221)
	at org.testng.internal.invokers.MethodRunner.runInSequence(MethodRunner.java:50)
	at org.testng.internal.invokers.TestInvoker$MethodInvocationAgent.invoke(TestInvoker.java:969)
	at org.testng.internal.invokers.TestInvoker.invokeTestMethods(TestInvoker.java:194)
	at org.testng.internal.invokers.TestMethodWorker.invokeTestMethods(TestMethodWorker.java:148)
	at org.testng.internal.invokers.TestMethodWorker.run(TestMethodWorker.java:128)
	at java.base/java.util.ArrayList.forEach(ArrayList.java:1604)
	at org.testng.TestRunner.privateRun(TestRunner.java:829)
	at org.testng.TestRunner.run(TestRunner.java:602)
	at org.testng.SuiteRunner.runTest(SuiteRunner.java:437)
	at org.testng.SuiteRunner.runSequentially(SuiteRunner.java:431)
	at org.testng.SuiteRunner.privateRun(SuiteRunner.java:391)
	at org.testng.SuiteRunner.run(SuiteRunner.java:330)
	at org.testng.SuiteRunnerWorker.runSuite(SuiteRunnerWorker.java:52)
	at org.testng.SuiteRunnerWorker.run(SuiteRunnerWorker.java:95)
	at org.testng.TestNG.runSuitesSequentially(TestNG.java:1256)
	at org.testng.TestNG.runSuitesLocally(TestNG.java:1176)
	at org.testng.TestNG.runSuites(TestNG.java:1099)
	at org.testng.TestNG.run(TestNG.java:1067)
	at org.apache.maven.surefire.testng.TestNGExecutor.run(TestNGExecutor.java:155)
	at org.apache.maven.surefire.testng.TestNGDirectoryTestSuite.executeMulti(TestNGDirectoryTestSuite.java:169)
	at org.apache.maven.surefire.testng.TestNGDirectoryTestSuite.execute(TestNGDirectoryTestSuite.java:88)
	at org.apache.maven.surefire.testng.TestNGProvider.invoke(TestNGProvider.java:137)
	at org.apache.maven.surefire.booter.ForkedBooter.runSuitesInProcess(ForkedBooter.java:385)
	at org.apache.maven.surefire.booter.ForkedBooter.execute(ForkedBooter.java:162)
	at org.apache.maven.surefire.booter.ForkedBooter.run(ForkedBooter.java:507)
	at org.apache.maven.surefire.booter.ForkedBooter.main(ForkedBooter.java:495)
]]></failure>
    <system-out><![CDATA[
──────────────────────────────────────────────────────────────────────
🔍 FINAL REPORT GENERATION
──────────────────────────────────────────────────────────────────────

✅ [PASS] All test cases executed successfully
✅ [PASS] Dashboard report ready for stakeholder review

╔════════════════════════════════════════════════════════════════╗
║   ✅ REPORT GENERATION COMPLETE                                 ║
║   Opening dashboard in default browser...                      ║
╚════════════════════════════════════════════════════════════════╝

📊 Report Path: D:\MCA FINAL YEAR\Hybrid_Cross_Platform_Automation\test-reports\SelfHealing_Dashboard_2026-05-11_15-35-26.html
[Demo Mode] Starting self-healing login demo...
[DriverManager] CHROME_DRIVER_PATH not set. Trying project path: drivers\chromedriver.exe
]]></system-out>
    <system-err><![CDATA[May 11, 2026 3:35:28 PM org.openqa.selenium.remote.service.DriverService$Builder getLogOutput
INFO: Driver logs no longer sent to console by default; https://www.selenium.dev/documentation/webdriver/drivers/service/#setting-log-output
]]></system-err>
  </testcase>
</testsuite>