<?xml version="1.0" encoding="UTF-8"?>
<testng-results ignored="0" total="4" passed="4" failed="0" skipped="0">
  <reporter-output>
  </reporter-output>
  <suite started-at="2026-05-30T11:04:08 IST" name="Surefire suite" finished-at="2026-05-30T11:04:11 IST" duration-ms="2936">
    <groups>
    </groups>
    <test started-at="2026-05-30T11:04:08 IST" name="Surefire test" finished-at="2026-05-30T11:04:11 IST" duration-ms="2936">
      <class name="tests.DemoModeTest">
        <test-method is-config="true" signature="setupDashboard()[pri:0, instance:tests.DemoModeTest@ef9296d]" started-at="2026-05-30T11:04:08 IST" name="setupDashboard" finished-at="2026-05-30T11:04:08 IST" duration-ms="269" status="PASS">
          <reporter-output>
          </reporter-output>
        </test-method> <!-- setupDashboard -->
        <test-method signature="demonstrateLoginButtonHealing()[pri:1, instance:tests.DemoModeTest@ef9296d]" started-at="2026-05-30T11:04:08 IST" name="demonstrateLoginButtonHealing" finished-at="2026-05-30T11:04:08 IST" duration-ms="32" status="PASS">
          <reporter-output>
          </reporter-output>
        </test-method> <!-- demonstrateLoginButtonHealing -->
        <test-method signature="demonstrateSubmitButtonHealing()[pri:2, instance:tests.DemoModeTest@ef9296d]" started-at="2026-05-30T11:04:08 IST" name="demonstrateSubmitButtonHealing" finished-at="2026-05-30T11:04:08 IST" duration-ms="9" status="PASS">
          <reporter-output>
          </reporter-output>
        </test-method> <!-- demonstrateSubmitButtonHealing -->
        <test-method signature="demonstrateUsernameFieldHealing()[pri:3, instance:tests.DemoModeTest@ef9296d]" started-at="2026-05-30T11:04:08 IST" name="demonstrateUsernameFieldHealing" finished-at="2026-05-30T11:04:08 IST" duration-ms="10" status="PASS">
          <reporter-output>
          </reporter-output>
        </test-method> <!-- demonstrateUsernameFieldHealing -->
        <test-method signature="demonstrateFrameworkStatistics()[pri:4, instance:tests.DemoModeTest@ef9296d]" started-at="2026-05-30T11:04:08 IST" name="demonstrateFrameworkStatistics" finished-at="2026-05-30T11:04:08 IST" duration-ms="5" status="PASS">
          <reporter-output>
          </reporter-output>
        </test-method> <!-- demonstrateFrameworkStatistics -->
        <test-method is-config="true" signature="generateDashboard()[pri:0, instance:tests.DemoModeTest@ef9296d]" started-at="2026-05-30T11:04:08 IST" name="generateDashboard" finished-at="2026-05-30T11:04:11 IST" duration-ms="2540" status="PASS">
          <reporter-output>
          </reporter-output>
        </test-method> <!-- generateDashboard -->
      </class> <!-- tests.DemoModeTest -->
    </test> <!-- Surefire test -->
  </suite> <!-- Surefire suite -->
</testng-results>
