<?xml version="1.0" encoding="UTF-8"?>
<testsuite xmlns:xsi="http://www.w3.org/2001/XMLSchema-instance" xsi:noNamespaceSchemaLocation="https://maven.apache.org/surefire/maven-surefire-plugin/xsd/surefire-test-report-3.0.xsd" version="3.0" name="tests.DemoModeTest" time="3.39" tests="4" errors="0" skipped="0" failures="0">
  <properties>
[...]
</properties>
  <testcase name="demonstrateLoginButtonHealing" classname="tests.DemoModeTest" time="0.024">
    <system-out><![CDATA[
╔════════════════════════════════════════════════════════════════╗
║   SELF-HEALING ENTERPRISE DASHBOARD INITIALIZED                 ║
║   Report Location: test-reports/SelfHealing_Dashboard_2026-05-04_14-11-49.html
╚════════════════════════════════════════════════════════════════╝

✓ Test Environment Initialized

──────────────────────────────────────────────────────────────────────
🔍 TEST EXECUTION: TC-001
──────────────────────────────────────────────────────────────────────

ℹ️  [INFO] Test Title: Login Button Healing Protocol
ℹ️  [INFO] Objective: Recover 'Login' button from failed locator using similarity matching

──────────────────────────────────────────────────────────────────────
🔍 REQUEST DETAILS
──────────────────────────────────────────────────────────────────────


──────────────────────────────────────────────────────────────────────
🔍 EXECUTION PHASE
──────────────────────────────────────────────────────────────────────


──────────────────────────────────────────────────────────────────────
🔍 SELF-HEALING PROTOCOL INITIATED
──────────────────────────────────────────────────────────────────────

ℹ️  [INFO] Activating Dynamic Element Recovery System...

──────────────────────────────────────────────────────────────────────
🔍 BACKUP ATTRIBUTE ANALYSIS
──────────────────────────────────────────────────────────────────────

ℹ️  [INFO] Scanning DOM for elements matching backup attributes...
ℹ️  [INFO] Total DOM Elements Scanned: 3

──────────────────────────────────────────────────────────────────────
🔍 SIMILARITY SCORE ANALYSIS
──────────────────────────────────────────────────────────────────────


──────────────────────────────────────────────────────────────────────
🔍 DYNAMIC ELEMENT RECOVERY SUCCESSFUL
──────────────────────────────────────────────────────────────────────

🔧 [HEALED] Element Successfully Recovered Using Similarity Matching
✅ [PASS] Healed Element Ready for Interaction

──────────────────────────────────────────────────────────────────────
🔍 VALIDATION RESULTS
──────────────────────────────────────────────────────────────────────

✅ [PASS] Test Case: TC-001 - PASSED
✅ [PASS] Login button successfully healed and ready for interaction
]]></system-out>
    <system-err><![CDATA[SLF4J: No SLF4J providers were found.
SLF4J: Defaulting to no-operation (NOP) logger implementation
SLF4J: See https://www.slf4j.org/codes.html#noProviders for further details.
❌ [ERROR] Primary Locator Strategy Failed: By.id: login_btn_old_id
]]></system-err>
  </testcase>
  <testcase name="demonstrateSubmitButtonHealing" classname="tests.DemoModeTest" time="0.005">
    <system-out><![CDATA[
──────────────────────────────────────────────────────────────────────
🔍 TEST EXECUTION: TC-002
──────────────────────────────────────────────────────────────────────

ℹ️  [INFO] Test Title: Submit Button Healing Protocol
ℹ️  [INFO] Objective: Recover 'Submit' button from XPath failure via attribute matching

──────────────────────────────────────────────────────────────────────
🔍 REQUEST DETAILS
──────────────────────────────────────────────────────────────────────


──────────────────────────────────────────────────────────────────────
🔍 EXECUTION PHASE
──────────────────────────────────────────────────────────────────────


──────────────────────────────────────────────────────────────────────
🔍 SELF-HEALING PROTOCOL INITIATED
──────────────────────────────────────────────────────────────────────

ℹ️  [INFO] Activating Dynamic Element Recovery System...

──────────────────────────────────────────────────────────────────────
🔍 BACKUP ATTRIBUTE ANALYSIS
──────────────────────────────────────────────────────────────────────

ℹ️  [INFO] Scanning DOM for elements matching backup attributes...
ℹ️  [INFO] Total DOM Elements Scanned: 3

──────────────────────────────────────────────────────────────────────
🔍 SIMILARITY SCORE ANALYSIS
──────────────────────────────────────────────────────────────────────


──────────────────────────────────────────────────────────────────────
🔍 DYNAMIC ELEMENT RECOVERY SUCCESSFUL
──────────────────────────────────────────────────────────────────────

🔧 [HEALED] Element Successfully Recovered Using Similarity Matching
✅ [PASS] Healed Element Ready for Interaction

──────────────────────────────────────────────────────────────────────
🔍 VALIDATION RESULTS
──────────────────────────────────────────────────────────────────────

✅ [PASS] Test Case: TC-002 - PASSED
✅ [PASS] Submit button successfully healed and ready for interaction
]]></system-out>
    <system-err><![CDATA[❌ [ERROR] Primary Locator Strategy Failed: By.xpath: //button[@id='submit_old']
]]></system-err>
  </testcase>
  <testcase name="demonstrateUsernameFieldHealing" classname="tests.DemoModeTest" time="0.007">
    <system-out><![CDATA[
──────────────────────────────────────────────────────────────────────
🔍 TEST EXECUTION: TC-003
──────────────────────────────────────────────────────────────────────

ℹ️  [INFO] Test Title: Username Input Field Healing Protocol
ℹ️  [INFO] Objective: Recover 'Username' input field via placeholder attribute matching

──────────────────────────────────────────────────────────────────────
🔍 REQUEST DETAILS
──────────────────────────────────────────────────────────────────────


──────────────────────────────────────────────────────────────────────
🔍 EXECUTION PHASE
──────────────────────────────────────────────────────────────────────


──────────────────────────────────────────────────────────────────────
🔍 SELF-HEALING PROTOCOL INITIATED
──────────────────────────────────────────────────────────────────────

ℹ️  [INFO] Activating Dynamic Element Recovery System...

──────────────────────────────────────────────────────────────────────
🔍 BACKUP ATTRIBUTE ANALYSIS
──────────────────────────────────────────────────────────────────────

ℹ️  [INFO] Scanning DOM for elements matching backup attributes...
ℹ️  [INFO] Total DOM Elements Scanned: 3

──────────────────────────────────────────────────────────────────────
🔍 SIMILARITY SCORE ANALYSIS
──────────────────────────────────────────────────────────────────────


──────────────────────────────────────────────────────────────────────
🔍 DYNAMIC ELEMENT RECOVERY SUCCESSFUL
──────────────────────────────────────────────────────────────────────

🔧 [HEALED] Element Successfully Recovered Using Similarity Matching
✅ [PASS] Healed Element Ready for Interaction

──────────────────────────────────────────────────────────────────────
🔍 VALIDATION RESULTS
──────────────────────────────────────────────────────────────────────

✅ [PASS] Test Case: TC-003 - PASSED
✅ [PASS] Username field successfully healed and ready for input
]]></system-out>
    <system-err><![CDATA[❌ [ERROR] Primary Locator Strategy Failed: By.id: user_field_v2
]]></system-err>
  </testcase>
  <testcase name="demonstrateFrameworkStatistics" classname="tests.DemoModeTest" time="0.003">
    <system-out><![CDATA[
──────────────────────────────────────────────────────────────────────
🔍 FRAMEWORK PERFORMANCE METRICS
──────────────────────────────────────────────────────────────────────


──────────────────────────────────────────────────────────────────────
🔍 Test Execution Summary
──────────────────────────────────────────────────────────────────────


──────────────────────────────────────────────────────────────────────
🔍 Supported Features & Capabilities
──────────────────────────────────────────────────────────────────────


──────────────────────────────────────────────────────────────────────
🔍 Platform Readiness Assessment
──────────────────────────────────────────────────────────────────────

✅ [PASS] ✅ Framework is PRODUCTION-READY
ℹ️  [INFO] All healing protocols validated and operational
ℹ️  [INFO] Dashboard reports generated successfully
ℹ️  [INFO] Ready for enterprise deployment
]]></system-out>
  </testcase>
</testsuite>