<?xml version="1.0" encoding="UTF-8"?>
<!-- Generated by org.testng.reporters.JUnitReportReporter -->
<testsuite hostname="Himanshu" failures="0" tests="4" name="tests.DemoModeTest" time="0.045" errors="0" timestamp="2026-05-11T15:35:31 IST" skipped="0">
  <testcase classname="tests.DemoModeTest" name="demonstrateLoginButtonHealing" time="0.022"/>
  <system-out/>
  <testcase classname="tests.DemoModeTest" name="demonstrateSubmitButtonHealing" time="0.008"/>
  <system-out/>
  <testcase classname="tests.DemoModeTest" name="demonstrateUsernameFieldHealing" time="0.009"/>
  <system-out/>
  <testcase classname="tests.DemoModeTest" name="demonstrateFrameworkStatistics" time="0.006"/>
  <system-out/>
</testsuite> <!-- tests.DemoModeTest -->
