<?xml version="1.0" encoding="UTF-8"?>
<!-- Generated by org.testng.reporters.JUnitReportReporter -->
<testsuite hostname="Himanshu" failures="0" tests="4" name="tests.DemoModeTest" time="0.056" errors="0" timestamp="2026-05-30T11:04:11 IST" skipped="0">
  <testcase classname="tests.DemoModeTest" name="demonstrateLoginButtonHealing" time="0.032"/>
  <system-out/>
  <testcase classname="tests.DemoModeTest" name="demonstrateSubmitButtonHealing" time="0.009"/>
  <system-out/>
  <testcase classname="tests.DemoModeTest" name="demonstrateUsernameFieldHealing" time="0.010"/>
  <system-out/>
  <testcase classname="tests.DemoModeTest" name="demonstrateFrameworkStatistics" time="0.005"/>
  <system-out/>
</testsuite> <!-- tests.DemoModeTest -->
